<?xml version="1.0" encoding="UTF-8"?>
<testsuite name="com.company.BasicSeleniumTestNGTest" tests="1" skipped="0" failures="0" errors="0" timestamp="2017-11-24T08:55:56" hostname="andrewt-ubuntu" time="5.372">
  <properties/>
  <testcase name="testMain" classname="com.company.BasicSeleniumTestNGTest" time="5.372"/>
  <system-out><![CDATA[Page title is: Google
Page title is: Cheese! - Поиск в Google
]]></system-out>
  <system-err><![CDATA[1511513757123	geckodriver	INFO	geckodriver 0.19.1
1511513757128	geckodriver	INFO	Listening on 127.0.0.1:19626
1511513757345	mozrunner::runner	INFO	Running command: "/usr/lib/firefox/firefox" "-marionette" "-profile" "/tmp/rust_mozprofile.dDnMTMcMQv3g"
1511513758054	Marionette	INFO	Enabled via --marionette
1511513760578	Marionette	INFO	Listening on port 33357
1511513760719	Marionette	WARN	TLS certificate errors will be ignored for this session
1511513760787	Marionette	DEBUG	Register listener.js for window 2147483649
Nov 24, 2017 11:56:00 AM org.openqa.selenium.remote.ProtocolHandshake createSession
INFO: Detected dialect: W3C
1511513760851	Marionette	DEBUG	Received DOM event "beforeunload" for "about:blank"
1511513761099	Marionette	DEBUG	Received DOM event "pagehide" for "about:blank"
1511513761099	Marionette	DEBUG	Received DOM event "unload" for "about:blank"
1511513761171	Marionette	DEBUG	Received DOM event "DOMContentLoaded" for "https://www.google.ru/?gfe_rd=cr&dcr=0&ei=oN4XWrfsNcOAsAG_9L34Cg&gws_rd=ssl"
1511513761361	Marionette	DEBUG	Received DOM event "pageshow" for "https://www.google.ru/?gfe_rd=cr&dcr=0&ei=oN4XWrfsNcOAsAG_9L34Cg&gws_rd=ssl"
[Child 9365, Chrome_ChildThread] WARNING: pipe error (35): Connection reset by peer: file /build/firefox-HLWaua/firefox-57.0+build4/ipc/chromium/src/chrome/common/ipc_channel_posix.cc, line 353
[Child 9365, Chrome_ChildThread] WARNING: pipe error (21): Connection reset by peer: file /build/firefox-HLWaua/firefox-57.0+build4/ipc/chromium/src/chrome/common/ipc_channel_posix.cc, line 353
[Child 9365, Chrome_ChildThread] WARNING: pipe error (3): Connection reset by peer: file /build/firefox-HLWaua/firefox-57.0+build4/ipc/chromium/src/chrome/common/ipc_channel_posix.cc, line 353
]]></system-err>
</testsuite>
